#-----------------------------------------------------------
# Vivado v2016.2 (64-bit)
# SW Build 1577090 on Thu Jun  2 16:32:40 MDT 2016
# IP Build 1577682 on Fri Jun  3 12:00:54 MDT 2016
# Start of session at: Sat Oct 29 16:45:18 2016
# Process ID: 4088
# Current directory: C:/Workspace/DSD/team_project/HW3/project_1
# Command line: vivado.exe -gui_launcher_event rodinguilauncherevent10696 C:\Workspace\DSD\team_project\HW3\project_1\project_1.xpr
# Log file: C:/Workspace/DSD/team_project/HW3/project_1/vivado.log
# Journal file: C:/Workspace/DSD/team_project/HW3/project_1\vivado.jou
#-----------------------------------------------------------
start_gui
open_project C:/Workspace/DSD/team_project/HW3/project_1/project_1.xpr
Scanning sources...
Finished scanning sources
INFO: [IP_Flow 19-234] Refreshing IP repositories
INFO: [IP_Flow 19-1704] No user IP repositories specified
INFO: [IP_Flow 19-2313] Loaded Vivado IP repository 'C:/Xilinx/Vivado/2016.2/data/ip'.
open_project: Time (s): cpu = 00:00:14 ; elapsed = 00:00:09 . Memory (MB): peak = 784.336 ; gain = 110.852
update_compile_order -fileset sources_1
file mkdir C:/Workspace/DSD/team_project/HW3/project_1/project_1.srcs/sources_1/new
close [ open C:/Workspace/DSD/team_project/HW3/project_1/project_1.srcs/sources_1/new/Top_module.v w ]
add_files C:/Workspace/DSD/team_project/HW3/project_1/project_1.srcs/sources_1/new/Top_module.v
update_compile_order -fileset sources_1
update_compile_order -fileset sources_1
update_compile_order -fileset sim_1
update_compile_order -fileset sources_1
close [ open C:/Workspace/DSD/team_project/HW3/project_1/project_1.srcs/sources_1/new/top_counter.v w ]
add_files C:/Workspace/DSD/team_project/HW3/project_1/project_1.srcs/sources_1/new/top_counter.v
update_compile_order -fileset sources_1
update_compile_order -fileset sources_1
close [ open C:/Workspace/DSD/team_project/HW3/project_1/project_1.srcs/sources_1/new/counter_0to5.v w ]
add_files C:/Workspace/DSD/team_project/HW3/project_1/project_1.srcs/sources_1/new/counter_0to5.v
update_compile_order -fileset sources_1
exit
INFO: [Common 17-206] Exiting Vivado at Sat Oct 29 18:14:57 2016...
