#-----------------------------------------------------------
# Vivado v2016.2 (64-bit)
# SW Build 1577090 on Thu Jun  2 16:32:40 MDT 2016
# IP Build 1577682 on Fri Jun  3 12:00:54 MDT 2016
# Start of session at: Sat Oct 29 14:20:28 2016
# Process ID: 5360
# Current directory: C:/Workspace/DSD/team_project/HW3/project_1
# Command line: vivado.exe -gui_launcher_event rodinguilauncherevent4728 C:\Workspace\DSD\team_project\HW3\project_1\project_1.xpr
# Log file: C:/Workspace/DSD/team_project/HW3/project_1/vivado.log
# Journal file: C:/Workspace/DSD/team_project/HW3/project_1\vivado.jou
#-----------------------------------------------------------
start_gui
open_project C:/Workspace/DSD/team_project/HW3/project_1/project_1.xpr
INFO: [Project 1-313] Project file moved from 'C:/Workspace/DSD/HW3/project_1' since last save.
Scanning sources...
Finished scanning sources
INFO: [IP_Flow 19-234] Refreshing IP repositories
INFO: [IP_Flow 19-1704] No user IP repositories specified
INFO: [IP_Flow 19-2313] Loaded Vivado IP repository 'C:/Xilinx/Vivado/2016.2/data/ip'.
open_project: Time (s): cpu = 00:00:13 ; elapsed = 00:00:06 . Memory (MB): peak = 764.520 ; gain = 98.867
update_compile_order -fileset sources_1
exit
INFO: [Common 17-206] Exiting Vivado at Sat Oct 29 14:20:56 2016...
